<?xml version="1.0" encoding="utf-8"?><testsuites name="pytest tests"><testsuite name="pytest" errors="0" failures="0" skipped="0" tests="14" time="1.027" timestamp="2026-06-16T09:06:59.834678+00:00" hostname="agent-env-0d7d2dde-37e2-4655-a737-bcab2ef18728"><testcase classname="backend.tests.test_brushly.TestBrushPost" name="test_post_morning_ok" time="0.200" /><testcase classname="backend.tests.test_brushly.TestBrushPost" name="test_post_evening_ok" time="0.049" /><testcase classname="backend.tests.test_brushly.TestBrushPost" name="test_post_invalid_period_422" time="0.043" /><testcase classname="backend.tests.test_brushly.TestBrushPost" name="test_post_empty_body_422" time="0.042" /><testcase classname="backend.tests.test_brushly.TestStreak" name="test_streak_after_today_brush" time="0.088" /><testcase classname="backend.tests.test_brushly.TestStreak" name="test_streak_per_day_not_per_event" time="0.149" /><testcase classname="backend.tests.test_brushly.TestHistory" name="test_history_current_month_contains_event" time="0.095" /><testcase classname="backend.tests.test_brushly.TestHistory" name="test_history_distant_month_empty" time="0.046" /><testcase classname="backend.tests.test_brushly.TestHistory" name="test_history_invalid_month_400" time="0.053" /><testcase classname="backend.tests.test_brushly.TestHistory" name="test_history_invalid_month_zero_400" time="0.048" /><testcase classname="backend.tests.test_brushly.TestStaticPages" name="test_root_returns_html_local" time="0.004" /><testcase classname="backend.tests.test_brushly.TestStaticPages" name="test_api_root_returns_html" time="0.041" /><testcase classname="backend.tests.test_brushly.TestStaticPages" name="test_static_css" time="0.043" /><testcase classname="backend.tests.test_brushly.TestStaticPages" name="test_static_js" time="0.043" /></testsuite></testsuites>